<?xml version="1.0" encoding="UTF-8"?>
<testsuite xmlns:xsi="http://www.w3.org/2001/XMLSchema-instance" xsi:noNamespaceSchemaLocation="https://maven.apache.org/surefire/maven-surefire-plugin/xsd/surefire-test-report-3.0.xsd" version="3.0" name="com.natorigatto.course.CourseApplicationTests" time="3.967" tests="1" errors="0" skipped="0" failures="0">
  <properties>
[...]
</properties>
  <testcase name="contextLoads" classname="com.natorigatto.course.CourseApplicationTests" time="0.313">
    <system-out><![CDATA[17:39:59.740 [main] INFO org.springframework.test.context.support.AnnotationConfigContextLoaderUtils -- Could not detect default configuration classes for test class [com.natorigatto.course.CourseApplicationTests]: CourseApplicationTests does not declare any static, non-private, non-final, nested classes annotated with @Configuration.
17:39:59.801 [main] INFO org.springframework.boot.test.context.SpringBootTestContextBootstrapper -- Found @SpringBootConfiguration com.natorigatto.course.CourseApplication for test class com.natorigatto.course.CourseApplicationTests

  .   ____          _            __ _ _
 /\\ / ___'_ __ _ _(_)_ __  __ _ \ \ \ \
( ( )\___ | '_ | '_| | '_ \/ _` | \ \ \ \
 \\/  ___)| |_)| | | | | || (_| |  ) ) ) )
  '  |____| .__|_| |_|_| |_\__, | / / / /
 =========|_|==============|___/=/_/_/_/

 :: Spring Boot ::                (v3.3.3)

2024-10-29T17:40:00.094-03:00  INFO 16640 --- [           main] c.n.course.CourseApplicationTests        : Starting CourseApplicationTests using Java 17.0.12 with PID 16640 (started by Renato in D:\Spring Tool Suite 4\cap_23_web_services_spring_boot_jpa)
2024-10-29T17:40:00.096-03:00  INFO 16640 --- [           main] c.n.course.CourseApplicationTests        : The following 1 profile is active: "dev"
2024-10-29T17:40:00.582-03:00  INFO 16640 --- [           main] .s.d.r.c.RepositoryConfigurationDelegate : Bootstrapping Spring Data JPA repositories in DEFAULT mode.
2024-10-29T17:40:00.633-03:00  INFO 16640 --- [           main] .s.d.r.c.RepositoryConfigurationDelegate : Finished Spring Data repository scanning in 45 ms. Found 5 JPA repository interfaces.
2024-10-29T17:40:00.953-03:00  INFO 16640 --- [           main] o.hibernate.jpa.internal.util.LogHelper  : HHH000204: Processing PersistenceUnitInfo [name: default]
2024-10-29T17:40:01.002-03:00  INFO 16640 --- [           main] org.hibernate.Version                    : HHH000412: Hibernate ORM core version 6.5.2.Final
2024-10-29T17:40:01.030-03:00  INFO 16640 --- [           main] o.h.c.internal.RegionFactoryInitiator    : HHH000026: Second-level cache disabled
2024-10-29T17:40:01.290-03:00  INFO 16640 --- [           main] o.s.o.j.p.SpringPersistenceUnitInfo      : No LoadTimeWeaver setup: ignoring JPA class transformer
2024-10-29T17:40:01.313-03:00  INFO 16640 --- [           main] com.zaxxer.hikari.HikariDataSource       : HikariPool-1 - Starting...
2024-10-29T17:40:01.531-03:00  INFO 16640 --- [           main] com.zaxxer.hikari.pool.HikariPool        : HikariPool-1 - Added connection com.mysql.cj.jdbc.ConnectionImpl@2a5c6b76
2024-10-29T17:40:01.533-03:00  INFO 16640 --- [           main] com.zaxxer.hikari.HikariDataSource       : HikariPool-1 - Start completed.
2024-10-29T17:40:01.568-03:00  WARN 16640 --- [           main] org.hibernate.orm.deprecation            : HHH90000025: MySQLDialect does not need to be specified explicitly using 'hibernate.dialect' (remove the property setting and it will be selected by default)
2024-10-29T17:40:02.228-03:00  INFO 16640 --- [           main] o.h.e.t.j.p.i.JtaPlatformInitiator       : HHH000489: No JTA platform available (set 'hibernate.transaction.jta.platform' to enable JTA platform integration)
Hibernate: 
    alter table tb_order 
       drop 
       foreign key FKi0x0rv7d65vsceuy33km9567n
Hibernate: 
    alter table tb_payment 
       drop 
       foreign key FKokaf4il2cwit4h780c25dv04r
Hibernate: 
    alter table tb_product_category 
       drop 
       foreign key FK5r4sbavb4nkd9xpl0f095qs2a
Hibernate: 
    alter table tb_product_category 
       drop 
       foreign key FKgbof0jclmaf8wn2alsoexxq3u
Hibernate: 
    alter table td_order_item 
       drop 
       foreign key FK1tl9avnf2h7ga27ykrwpld9e1
Hibernate: 
    alter table td_order_item 
       drop 
       foreign key FKnb7c765wiota2g19rqlk1d22t
Hibernate: 
    drop table if exists tb_category
Hibernate: 
    drop table if exists tb_order
Hibernate: 
    drop table if exists tb_payment
Hibernate: 
    drop table if exists tb_product
Hibernate: 
    drop table if exists tb_product_category
Hibernate: 
    drop table if exists tb_user
Hibernate: 
    drop table if exists td_order_item
Hibernate: 
    create table tb_category (
        id bigint not null auto_increment,
        name varchar(255),
        primary key (id)
    ) engine=InnoDB
Hibernate: 
    create table tb_order (
        order_status integer,
        client_id bigint,
        id bigint not null auto_increment,
        moment datetime(6),
        primary key (id)
    ) engine=InnoDB
Hibernate: 
    create table tb_payment (
        moment datetime(6),
        order_id bigint not null,
        primary key (order_id)
    ) engine=InnoDB
Hibernate: 
    create table tb_product (
        price float(53),
        id bigint not null auto_increment,
        description varchar(255),
        img_url varchar(255),
        name varchar(255),
        primary key (id)
    ) engine=InnoDB
Hibernate: 
    create table tb_product_category (
        category_id bigint not null,
        product_id bigint not null,
        primary key (category_id, product_id)
    ) engine=InnoDB
Hibernate: 
    create table tb_user (
        id bigint not null auto_increment,
        email varchar(255),
        name varchar(255),
        password varchar(255),
        phone varchar(255),
        primary key (id)
    ) engine=InnoDB
Hibernate: 
    create table td_order_item (
        price float(53),
        quantity integer,
        order_id bigint not null,
        product_id bigint not null,
        primary key (order_id, product_id)
    ) engine=InnoDB
Hibernate: 
    alter table tb_order 
       add constraint FKi0x0rv7d65vsceuy33km9567n 
       foreign key (client_id) 
       references tb_user (id)
Hibernate: 
    alter table tb_payment 
       add constraint FKokaf4il2cwit4h780c25dv04r 
       foreign key (order_id) 
       references tb_order (id)
Hibernate: 
    alter table tb_product_category 
       add constraint FK5r4sbavb4nkd9xpl0f095qs2a 
       foreign key (category_id) 
       references tb_category (id)
Hibernate: 
    alter table tb_product_category 
       add constraint FKgbof0jclmaf8wn2alsoexxq3u 
       foreign key (product_id) 
       references tb_product (id)
Hibernate: 
    alter table td_order_item 
       add constraint FK1tl9avnf2h7ga27ykrwpld9e1 
       foreign key (product_id) 
       references tb_product (id)
Hibernate: 
    alter table td_order_item 
       add constraint FKnb7c765wiota2g19rqlk1d22t 
       foreign key (order_id) 
       references tb_order (id)
2024-10-29T17:40:02.618-03:00  INFO 16640 --- [           main] j.LocalContainerEntityManagerFactoryBean : Initialized JPA EntityManagerFactory for persistence unit 'default'
2024-10-29T17:40:03.124-03:00  INFO 16640 --- [           main] c.n.course.CourseApplicationTests        : Started CourseApplicationTests in 3.211 seconds (process running for 4.368)
Hibernate: 
    insert 
    into
        tb_category
        (name) 
    values
        (?)
Hibernate: 
    insert 
    into
        tb_category
        (name) 
    values
        (?)
Hibernate: 
    insert 
    into
        tb_category
        (name) 
    values
        (?)
Hibernate: 
    insert 
    into
        tb_product
        (description, img_url, name, price) 
    values
        (?, ?, ?, ?)
Hibernate: 
    insert 
    into
        tb_product
        (description, img_url, name, price) 
    values
        (?, ?, ?, ?)
Hibernate: 
    insert 
    into
        tb_product
        (description, img_url, name, price) 
    values
        (?, ?, ?, ?)
Hibernate: 
    insert 
    into
        tb_product
        (description, img_url, name, price) 
    values
        (?, ?, ?, ?)
Hibernate: 
    insert 
    into
        tb_product
        (description, img_url, name, price) 
    values
        (?, ?, ?, ?)
Hibernate: 
    select
        p1_0.id,
        p1_0.description,
        p1_0.img_url,
        p1_0.name,
        p1_0.price 
    from
        tb_product p1_0 
    where
        p1_0.id=?
Hibernate: 
    select
        c1_0.product_id,
        c1_1.id,
        c1_1.name 
    from
        tb_product_category c1_0 
    join
        tb_category c1_1 
            on c1_1.id=c1_0.category_id 
    where
        c1_0.product_id=?
Hibernate: 
    select
        c1_0.id,
        c1_0.name 
    from
        tb_category c1_0 
    where
        c1_0.id=?
Hibernate: 
    select
        p1_0.id,
        p1_0.description,
        p1_0.img_url,
        p1_0.name,
        p1_0.price 
    from
        tb_product p1_0 
    where
        p1_0.id=?
Hibernate: 
    select
        c1_0.product_id,
        c1_1.id,
        c1_1.name 
    from
        tb_product_category c1_0 
    join
        tb_category c1_1 
            on c1_1.id=c1_0.category_id 
    where
        c1_0.product_id=?
Hibernate: 
    select
        c1_0.id,
        c1_0.name 
    from
        tb_category c1_0 
    where
        c1_0.id=?
Hibernate: 
    select
        c1_0.id,
        c1_0.name 
    from
        tb_category c1_0 
    where
        c1_0.id=?
Hibernate: 
    select
        p1_0.id,
        p1_0.description,
        p1_0.img_url,
        p1_0.name,
        p1_0.price 
    from
        tb_product p1_0 
    where
        p1_0.id=?
Hibernate: 
    select
        c1_0.product_id,
        c1_1.id,
        c1_1.name 
    from
        tb_product_category c1_0 
    join
        tb_category c1_1 
            on c1_1.id=c1_0.category_id 
    where
        c1_0.product_id=?
Hibernate: 
    select
        p1_0.id,
        p1_0.description,
        p1_0.img_url,
        p1_0.name,
        p1_0.price 
    from
        tb_product p1_0 
    where
        p1_0.id=?
Hibernate: 
    select
        c1_0.product_id,
        c1_1.id,
        c1_1.name 
    from
        tb_product_category c1_0 
    join
        tb_category c1_1 
            on c1_1.id=c1_0.category_id 
    where
        c1_0.product_id=?
Hibernate: 
    select
        p1_0.id,
        p1_0.description,
        p1_0.img_url,
        p1_0.name,
        p1_0.price 
    from
        tb_product p1_0 
    where
        p1_0.id=?
Hibernate: 
    select
        c1_0.product_id,
        c1_1.id,
        c1_1.name 
    from
        tb_product_category c1_0 
    join
        tb_category c1_1 
            on c1_1.id=c1_0.category_id 
    where
        c1_0.product_id=?
Hibernate: 
    insert 
    into
        tb_product_category
        (product_id, category_id) 
    values
        (?, ?)
Hibernate: 
    insert 
    into
        tb_product_category
        (product_id, category_id) 
    values
        (?, ?)
Hibernate: 
    insert 
    into
        tb_product_category
        (product_id, category_id) 
    values
        (?, ?)
Hibernate: 
    insert 
    into
        tb_product_category
        (product_id, category_id) 
    values
        (?, ?)
Hibernate: 
    insert 
    into
        tb_product_category
        (product_id, category_id) 
    values
        (?, ?)
Hibernate: 
    insert 
    into
        tb_product_category
        (product_id, category_id) 
    values
        (?, ?)
Hibernate: 
    insert 
    into
        tb_user
        (email, name, password, phone) 
    values
        (?, ?, ?, ?)
Hibernate: 
    insert 
    into
        tb_user
        (email, name, password, phone) 
    values
        (?, ?, ?, ?)
Hibernate: 
    insert 
    into
        tb_order
        (client_id, moment, order_status) 
    values
        (?, ?, ?)
Hibernate: 
    insert 
    into
        tb_order
        (client_id, moment, order_status) 
    values
        (?, ?, ?)
Hibernate: 
    insert 
    into
        tb_order
        (client_id, moment, order_status) 
    values
        (?, ?, ?)
Hibernate: 
    select
        oi1_0.order_id,
        o1_0.id,
        c1_0.id,
        c1_0.email,
        c1_0.name,
        c1_0.password,
        c1_0.phone,
        o1_0.moment,
        o1_0.order_status,
        p1_0.order_id,
        p1_0.moment,
        oi1_0.product_id,
        p2_0.id,
        p2_0.description,
        p2_0.img_url,
        p2_0.name,
        p2_0.price,
        oi1_0.price,
        oi1_0.quantity 
    from
        td_order_item oi1_0 
    left join
        tb_order o1_0 
            on o1_0.id=oi1_0.order_id 
    left join
        tb_user c1_0 
            on c1_0.id=o1_0.client_id 
    left join
        tb_payment p1_0 
            on o1_0.id=p1_0.order_id 
    left join
        tb_product p2_0 
            on p2_0.id=oi1_0.product_id 
    where
        (
            oi1_0.order_id, oi1_0.product_id
        ) in ((?, ?))
Hibernate: 
    select
        oi1_0.order_id,
        o1_0.id,
        c1_0.id,
        c1_0.email,
        c1_0.name,
        c1_0.password,
        c1_0.phone,
        o1_0.moment,
        o1_0.order_status,
        p1_0.order_id,
        p1_0.moment,
        oi1_0.product_id,
        p2_0.id,
        p2_0.description,
        p2_0.img_url,
        p2_0.name,
        p2_0.price,
        oi1_0.price,
        oi1_0.quantity 
    from
        td_order_item oi1_0 
    left join
        tb_order o1_0 
            on o1_0.id=oi1_0.order_id 
    left join
        tb_user c1_0 
            on c1_0.id=o1_0.client_id 
    left join
        tb_payment p1_0 
            on o1_0.id=p1_0.order_id 
    left join
        tb_product p2_0 
            on p2_0.id=oi1_0.product_id 
    where
        (
            oi1_0.order_id, oi1_0.product_id
        ) in ((?, ?))
Hibernate: 
    select
        oi1_0.order_id,
        o1_0.id,
        c1_0.id,
        c1_0.email,
        c1_0.name,
        c1_0.password,
        c1_0.phone,
        o1_0.moment,
        o1_0.order_status,
        p1_0.order_id,
        p1_0.moment,
        oi1_0.product_id,
        p2_0.id,
        p2_0.description,
        p2_0.img_url,
        p2_0.name,
        p2_0.price,
        oi1_0.price,
        oi1_0.quantity 
    from
        td_order_item oi1_0 
    left join
        tb_order o1_0 
            on o1_0.id=oi1_0.order_id 
    left join
        tb_user c1_0 
            on c1_0.id=o1_0.client_id 
    left join
        tb_payment p1_0 
            on o1_0.id=p1_0.order_id 
    left join
        tb_product p2_0 
            on p2_0.id=oi1_0.product_id 
    where
        (
            oi1_0.order_id, oi1_0.product_id
        ) in ((?, ?))
Hibernate: 
    select
        oi1_0.order_id,
        o1_0.id,
        c1_0.id,
        c1_0.email,
        c1_0.name,
        c1_0.password,
        c1_0.phone,
        o1_0.moment,
        o1_0.order_status,
        p1_0.order_id,
        p1_0.moment,
        oi1_0.product_id,
        p2_0.id,
        p2_0.description,
        p2_0.img_url,
        p2_0.name,
        p2_0.price,
        oi1_0.price,
        oi1_0.quantity 
    from
        td_order_item oi1_0 
    left join
        tb_order o1_0 
            on o1_0.id=oi1_0.order_id 
    left join
        tb_user c1_0 
            on c1_0.id=o1_0.client_id 
    left join
        tb_payment p1_0 
            on o1_0.id=p1_0.order_id 
    left join
        tb_product p2_0 
            on p2_0.id=oi1_0.product_id 
    where
        (
            oi1_0.order_id, oi1_0.product_id
        ) in ((?, ?))
Hibernate: 
    insert 
    into
        td_order_item
        (price, quantity, order_id, product_id) 
    values
        (?, ?, ?, ?)
Hibernate: 
    insert 
    into
        td_order_item
        (price, quantity, order_id, product_id) 
    values
        (?, ?, ?, ?)
Hibernate: 
    insert 
    into
        td_order_item
        (price, quantity, order_id, product_id) 
    values
        (?, ?, ?, ?)
Hibernate: 
    insert 
    into
        td_order_item
        (price, quantity, order_id, product_id) 
    values
        (?, ?, ?, ?)
Hibernate: 
    select
        o1_0.id,
        c1_0.id,
        c1_0.email,
        c1_0.name,
        c1_0.password,
        c1_0.phone,
        o1_0.moment,
        o1_0.order_status,
        p1_0.order_id,
        p1_0.moment 
    from
        tb_order o1_0 
    left join
        tb_user c1_0 
            on c1_0.id=o1_0.client_id 
    left join
        tb_payment p1_0 
            on o1_0.id=p1_0.order_id 
    where
        o1_0.id=?
Hibernate: 
    insert 
    into
        tb_payment
        (moment, order_id) 
    values
        (?, ?)
]]></system-out>
  </testcase>
</testsuite>